<?xml version="1.0" encoding="UTF-8"?>
<!-- Generated by org.testng.reporters.JUnitReportReporter -->
<testsuite hostname="LTIN489131" failures="0" tests="1" name="testCases.TC_002_Explore" time="2.783" errors="0" timestamp="2024-05-05T23:00:37 IST" skipped="0">
  <testcase classname="testCases.TC_002_Explore" name="exploreValidation" time="2.783"/>
</testsuite> <!-- testCases.TC_002_Explore -->
