<?xml version="1.0" encoding="UTF-8"?>
<!-- Generated by org.testng.reporters.JUnitReportReporter -->
<testsuite hostname="LTIN489131" failures="0" tests="1" name="testCases.TC_003_ForBusiness" time="8.876" errors="0" timestamp="2024-05-05T23:00:37 IST" skipped="0">
  <testcase classname="testCases.TC_003_ForBusiness" name="enterpriseValidation" time="8.876"/>
</testsuite> <!-- testCases.TC_003_ForBusiness -->
